<?xml version="1.0" encoding="UTF-8"?>
<!-- Generated by org.testng.reporters.JUnitReportReporter -->
<testsuite hostname="SST-LAP-LEN0034" name="com.appbuilder.testcases.TC_UpdatePlatformSaveApply_004" tests="5" failures="0" timestamp="23 Sep 2019 16:55:31 GMT" time="2528.313" errors="0">
  <testcase name="launchPlatform" time="536.848" classname="com.appbuilder.testcases.TC_UpdatePlatformSaveApply_004"/>
  <testcase name="loginToAppbuilder" time="3.795" classname="com.appbuilder.testcases.TC_UpdatePlatformSaveApply_004"/>
  <testcase name="createPlatformAppserver" time="20.483" classname="com.appbuilder.testcases.TC_UpdatePlatformSaveApply_004"/>
  <testcase name="destroyDeletePlatform" time="179.659" classname="com.appbuilder.testcases.TC_UpdatePlatformSaveApply_004"/>
  <testcase name="editPlatform" time="1787.528" classname="com.appbuilder.testcases.TC_UpdatePlatformSaveApply_004"/>
</testsuite> <!-- com.appbuilder.testcases.TC_UpdatePlatformSaveApply_004 -->
