<?xml version="1.0" encoding="UTF-8"?>
<!-- Generated by org.testng.reporters.JUnitReportReporter -->
<testsuite hostname="SST-LAP-LEN0034" name="com.appbuilder.testcases.TC_VerifyAZFunctionaity_008" tests="4" failures="0" timestamp="19 Sep 2019 20:39:42 GMT" time="41.199" errors="0">
  <testcase name="loginToAppbuilder" time="3.549" classname="com.appbuilder.testcases.TC_VerifyAZFunctionaity_008"/>
  <testcase name="selectAZSavePlatform" time="6.487" classname="com.appbuilder.testcases.TC_VerifyAZFunctionaity_008"/>
  <testcase name="clonePlatform" time="15.815" classname="com.appbuilder.testcases.TC_VerifyAZFunctionaity_008"/>
  <testcase name="createPlatform" time="15.348" classname="com.appbuilder.testcases.TC_VerifyAZFunctionaity_008"/>
</testsuite> <!-- com.appbuilder.testcases.TC_VerifyAZFunctionaity_008 -->
