<?xml version="1.0" encoding="UTF-8"?>
<!-- Generated by org.testng.reporters.JUnitReportReporter -->
<testsuite hostname="SST-LAP-LEN0034" name="com.appbuilder.testcases.TC_VerifyAZFunctionalityAfterClone_009" tests="3" failures="0" timestamp="19 Sep 2019 18:35:01 GMT" time="49.564" errors="0">
  <testcase name="loginToAppbuilder" time="3.833" classname="com.appbuilder.testcases.TC_VerifyAZFunctionalityAfterClone_009"/>
  <testcase name="createPlatform" time="27.351" classname="com.appbuilder.testcases.TC_VerifyAZFunctionalityAfterClone_009"/>
  <testcase name="editPlatformSelectAZSavePlatform" time="18.380" classname="com.appbuilder.testcases.TC_VerifyAZFunctionalityAfterClone_009"/>
</testsuite> <!-- com.appbuilder.testcases.TC_VerifyAZFunctionalityAfterClone_009 -->
