<?xml version="1.0" encoding="UTF-8"?>
<!-- Generated by org.testng.reporters.JUnitReportReporter -->
<testsuite hostname="SST-LAP-LEN0034" name="com.appbuilder.testcases.TC_Login_001" tests="1" failures="0" timestamp="21 Sep 2019 20:58:33 GMT" time="3.498" errors="0">
  <testcase name="loginToAppbuilder" time="3.498" classname="com.appbuilder.testcases.TC_Login_001"/>
</testsuite> <!-- com.appbuilder.testcases.TC_Login_001 -->
