<?xml version="1.0" encoding="UTF-8"?>
<!-- Generated by org.testng.reporters.JUnitReportReporter -->
<testsuite name="com.appbuilder.testcases.TC_CreateDesiredAppserverPlatform_010" tests="4" time="785.420" ignored="0" failures="0" timestamp="26 Nov 2019 11:32:56 GMT" skipped="0" hostname="SST-LAP-LEN0034" errors="0">
  <testcase name="launchPlatform" time="462.745" classname="com.appbuilder.testcases.TC_CreateDesiredAppserverPlatform_010"/>
  <testcase name="createPlatformDatabase" time="24.122" classname="com.appbuilder.testcases.TC_CreateDesiredAppserverPlatform_010"/>
  <testcase name="destroyDeletePlatform" time="294.803" classname="com.appbuilder.testcases.TC_CreateDesiredAppserverPlatform_010"/>
  <testcase name="loginToAppbuilder" time="3.750" classname="com.appbuilder.testcases.TC_CreateDesiredAppserverPlatform_010"/>
</testsuite> <!-- com.appbuilder.testcases.TC_CreateDesiredAppserverPlatform_010 -->
