<?xml version="1.0" encoding="UTF-8"?>
<!-- Generated by org.testng.reporters.JUnitReportReporter -->
<testsuite name="com.appbuilder.testcases.TC_CreatePlatformStopStart_002" tests="6" time="1001.976" ignored="0" failures="0" timestamp="03 Jan 2020 10:49:20 GMT" skipped="0" hostname="SST-LAP-LEN0034" errors="0">
  <testcase name="stopPlatform" time="157.490" classname="com.appbuilder.testcases.TC_CreatePlatformStopStart_002"/>
  <testcase name="destroyDeletePlatform" time="243.274" classname="com.appbuilder.testcases.TC_CreatePlatformStopStart_002"/>
  <testcase name="createPlatformAppserver" time="22.836" classname="com.appbuilder.testcases.TC_CreatePlatformStopStart_002"/>
  <testcase name="loginToAppbuilder" time="25.855" classname="com.appbuilder.testcases.TC_CreatePlatformStopStart_002"/>
  <testcase name="launchPlatform" time="467.363" classname="com.appbuilder.testcases.TC_CreatePlatformStopStart_002"/>
  <testcase name="startPlatform" time="85.158" classname="com.appbuilder.testcases.TC_CreatePlatformStopStart_002"/>
</testsuite> <!-- com.appbuilder.testcases.TC_CreatePlatformStopStart_002 -->
