<?xml version="1.0" encoding="UTF-8"?>
<!-- Generated by org.testng.reporters.JUnitReportReporter -->
<testsuite name="com.eqtribe.testcases.TC_ReviewTripAdvisor" tests="1" time="30.074" ignored="0" failures="0" timestamp="09 Feb 2020 12:29:54 GMT" skipped="0" hostname="SST-LAP-LEN0034" errors="0">
  <testcase name="AccessTripAdvisorURL" time="30.074" classname="com.eqtribe.testcases.TC_ReviewTripAdvisor"/>
</testsuite> <!-- com.eqtribe.testcases.TC_ReviewTripAdvisor -->
