<?xml version="1.0" encoding="UTF-8"?>
<!-- Generated by org.testng.reporters.JUnitReportReporter -->
<testsuite name="com.eqtribe.testcases.TC_VerifyIPhonePricesAmazonFlipkart" tests="4" time="19.295" ignored="0" failures="0" timestamp="09 Feb 2020 12:29:54 GMT" skipped="0" hostname="SST-LAP-LEN0034" errors="0">
  <testcase name="AccessAmazonURL" time="4.934" classname="com.eqtribe.testcases.TC_VerifyIPhonePricesAmazonFlipkart"/>
  <testcase name="goToFlipKartFetchIphonePrice" time="7.884" classname="com.eqtribe.testcases.TC_VerifyIPhonePricesAmazonFlipkart"/>
  <testcase name="compareValues" time="0.000" classname="com.eqtribe.testcases.TC_VerifyIPhonePricesAmazonFlipkart"/>
  <testcase name="searchIphoneGetPrice" time="6.477" classname="com.eqtribe.testcases.TC_VerifyIPhonePricesAmazonFlipkart"/>
</testsuite> <!-- com.eqtribe.testcases.TC_VerifyIPhonePricesAmazonFlipkart -->
