<?xml version="1.0" encoding="UTF-8"?>
<!-- Generated by org.testng.reporters.JUnitReportReporter -->
<testsuite name="com.eqtribe.testcases.TC_AddToCart" tests="4" time="26.316" ignored="0" failures="0" timestamp="09 Feb 2020 06:49:04 GMT" skipped="0" hostname="SST-LAP-LEN0034" errors="0">
  <testcase name="compareValues" time="0.001" classname="com.eqtribe.testcases.TC_AddToCart"/>
  <testcase name="enterAddress" time="11.997" classname="com.eqtribe.testcases.TC_AddToCart"/>
  <testcase name="goToFlipKart" time="11.526" classname="com.eqtribe.testcases.TC_AddToCart"/>
  <testcase name="AccessClubKitchenMamacitaURL" time="2.792" classname="com.eqtribe.testcases.TC_AddToCart"/>
</testsuite> <!-- com.eqtribe.testcases.TC_AddToCart -->
