<?xml version="1.0" encoding="UTF-8"?>
<!-- Generated by org.testng.reporters.JUnitReportReporter -->
<testsuite name="com.appbuilder.testcases.TC_CreatePlatformArtifact_003" tests="4" time="813.567" ignored="0" failures="0" timestamp="03 Jan 2020 10:49:20 GMT" skipped="0" hostname="SST-LAP-LEN0034" errors="0">
  <testcase name="launchPlatform" time="468.858" classname="com.appbuilder.testcases.TC_CreatePlatformArtifact_003"/>
  <testcase name="destroyDeletePlatform" time="251.401" classname="com.appbuilder.testcases.TC_CreatePlatformArtifact_003"/>
  <testcase name="loginToAppbuilder" time="23.284" classname="com.appbuilder.testcases.TC_CreatePlatformArtifact_003"/>
  <testcase name="CreatePlatformWithArtifact" time="70.024" classname="com.appbuilder.testcases.TC_CreatePlatformArtifact_003"/>
</testsuite> <!-- com.appbuilder.testcases.TC_CreatePlatformArtifact_003 -->
