<?xml version="1.0" encoding="UTF-8"?>
<!-- Generated by org.testng.reporters.JUnitReportReporter -->
<testsuite name="com.appbuilder.testcases.TC_VerifyAZFunctionality_008" tests="4" time="44.182" ignored="0" failures="0" timestamp="28 Oct 2019 12:54:51 GMT" skipped="0" hostname="SST-LAP-LEN0034" errors="0">
  <testcase name="loginToAppbuilder" time="4.996" classname="com.appbuilder.testcases.TC_VerifyAZFunctionality_008"/>
  <testcase name="clonePlatform" time="18.039" classname="com.appbuilder.testcases.TC_VerifyAZFunctionality_008"/>
  <testcase name="createPlatform" time="14.659" classname="com.appbuilder.testcases.TC_VerifyAZFunctionality_008"/>
  <testcase name="selectAZSavePlatform" time="6.488" classname="com.appbuilder.testcases.TC_VerifyAZFunctionality_008"/>
</testsuite> <!-- com.appbuilder.testcases.TC_VerifyAZFunctionality_008 -->
