<?xml version="1.0" encoding="UTF-8"?>
<!-- Generated by org.testng.reporters.JUnitReportReporter -->
<testsuite name="com.clubkitchen.testcases.TC_AddToCart" tests="4" time="25.537" ignored="0" failures="0" timestamp="08 Feb 2020 22:20:13 GMT" skipped="0" hostname="SST-LAP-LEN0034" errors="0">
  <testcase name="compareValues" time="0.000" classname="com.clubkitchen.testcases.TC_AddToCart"/>
  <testcase name="enterAddress" time="9.491" classname="com.clubkitchen.testcases.TC_AddToCart"/>
  <testcase name="goToFlipKart" time="15.104" classname="com.clubkitchen.testcases.TC_AddToCart"/>
  <testcase name="AccessClubKitchenMamacitaURL" time="0.942" classname="com.clubkitchen.testcases.TC_AddToCart"/>
</testsuite> <!-- com.clubkitchen.testcases.TC_AddToCart -->
